<?xml version="1.0" encoding="UTF-8"?>
<robot generator="Robot 7.2.2 (Python 3.13.5 on win32)" generated="2025-06-20T00:23:49.082372" rpa="false" schemaversion="5">
<suite id="s1" name="Submission" source="C:\Users\mehme\Documents\cours\M1GL\qa-test\cours4\Test-web\testcases\submission.robot">
<kw name="Ouvrir l'URL" owner="submission" type="SETUP">
<kw name="Open Browser" owner="SeleniumLibrary">
<msg time="2025-06-20T00:23:49.595009" level="INFO">Opening browser 'Edge' to base url 'https://selenium-practice.netlify.app/'.</msg>
<arg>${URL}</arg>
<arg>${BROWSER}</arg>
<doc>Opens a new browser instance to the optional ``url``.</doc>
<status status="PASS" start="2025-06-20T00:23:49.594761" elapsed="126.952214"/>
</kw>
<kw name="Maximize Browser Window" owner="SeleniumLibrary">
<doc>Maximizes current browser window.</doc>
<status status="PASS" start="2025-06-20T00:25:56.556421" elapsed="0.314219"/>
</kw>
<kw name="Sleep" owner="BuiltIn">
<msg time="2025-06-20T00:25:58.871538" level="INFO">Slept 2 seconds.</msg>
<arg>2</arg>
<doc>Pauses the test executed for the given time.</doc>
<status status="PASS" start="2025-06-20T00:25:56.870973" elapsed="2.000801"/>
</kw>
<status status="PASS" start="2025-06-20T00:23:49.594234" elapsed="129.277712"/>
</kw>
<test id="s1-t1" name="Inscription" line="13">
<kw name="Saisir le bon username" owner="submission">
<kw name="Input Text" owner="SeleniumLibrary">
<msg time="2025-06-20T00:25:58.874475" level="INFO">Typing text 'jgotechmaker' into text field 'id=name'.</msg>
<arg>${id_name}</arg>
<arg>${USERNAME}</arg>
<doc>Types the given ``text`` into the text field identified by ``locator``.</doc>
<status status="PASS" start="2025-06-20T00:25:58.873423" elapsed="0.189152"/>
</kw>
<status status="PASS" start="2025-06-20T00:25:58.873072" elapsed="0.189798"/>
</kw>
<kw name="Choisir item 2" owner="submission">
<kw name="Select From List By Index" owner="SeleniumLibrary">
<msg time="2025-06-20T00:25:59.064395" level="INFO">Selecting options from selection list 'id=selection' by index 2.</msg>
<arg>${id_selection}</arg>
<arg>${Number_item}</arg>
<doc>Selects options from selection list ``locator`` by ``indexes``.</doc>
<status status="PASS" start="2025-06-20T00:25:59.063889" elapsed="0.277125"/>
</kw>
<status status="PASS" start="2025-06-20T00:25:59.063383" elapsed="0.277793"/>
</kw>
<kw name="Sélectionner check 1 et 3" owner="submission">
<for flavor="IN">
<iter>
<kw name="Click Element" owner="SeleniumLibrary">
<msg time="2025-06-20T00:25:59.343678" level="INFO">Clicking element 'id=check1'.</msg>
<arg>${item}</arg>
<doc>Click the element identified by ``locator``.</doc>
<status status="PASS" start="2025-06-20T00:25:59.343337" elapsed="0.138765"/>
</kw>
<var name="${item}">id=check1</var>
<status status="PASS" start="2025-06-20T00:25:59.343100" elapsed="0.139113"/>
</iter>
<iter>
<kw name="Click Element" owner="SeleniumLibrary">
<msg time="2025-06-20T00:25:59.482894" level="INFO">Clicking element 'id=check3'.</msg>
<arg>${item}</arg>
<doc>Click the element identified by ``locator``.</doc>
<status status="PASS" start="2025-06-20T00:25:59.482634" elapsed="0.119789"/>
</kw>
<var name="${item}">id=check3</var>
<status status="PASS" start="2025-06-20T00:25:59.482456" elapsed="0.120129"/>
</iter>
<var>${item}</var>
<value>${id_check1}</value>
<value>${id_check3}</value>
<status status="PASS" start="2025-06-20T00:25:59.342736" elapsed="0.259939"/>
</for>
<kw name="Sleep" owner="BuiltIn">
<msg time="2025-06-20T00:26:01.608034" level="INFO">Slept 2 seconds.</msg>
<arg>2</arg>
<doc>Pauses the test executed for the given time.</doc>
<status status="PASS" start="2025-06-20T00:25:59.602914" elapsed="2.005351"/>
</kw>
<status status="PASS" start="2025-06-20T00:25:59.341711" elapsed="2.266709"/>
</kw>
<kw name="Choisir une date" owner="submission">
<kw name="Input Text" owner="SeleniumLibrary">
<msg time="2025-06-20T00:26:01.622191" level="INFO">Typing text '2002-02-23' into text field 'id=date'.</msg>
<arg>${id_date}</arg>
<arg>${DATE}</arg>
<doc>Types the given ``text`` into the text field identified by ``locator``.</doc>
<status status="PASS" start="2025-06-20T00:26:01.617087" elapsed="0.245278"/>
</kw>
<status status="PASS" start="2025-06-20T00:26:01.614921" elapsed="0.247631"/>
</kw>
<kw name="Cliquer sur le bouton &quot;Submit&quot;" owner="submission">
<kw name="Click Element" owner="SeleniumLibrary">
<msg time="2025-06-20T00:26:01.863848" level="INFO">Clicking element 'xpath=/html/body/form/button'.</msg>
<arg>${submit_button}</arg>
<doc>Click the element identified by ``locator``.</doc>
<status status="PASS" start="2025-06-20T00:26:01.863530" elapsed="0.099776"/>
</kw>
<kw name="Get Value From User" owner="Dialogs">
<msg time="2025-06-20T00:26:10.793534" level="INFO">${username} = coco</msg>
<var>${username}</var>
<arg>Donnez votre nom:</arg>
<doc>Pauses execution and asks user to input a value.</doc>
<status status="PASS" start="2025-06-20T00:26:01.963581" elapsed="8.830125"/>
</kw>
<kw name="Log" owner="BuiltIn">
<msg time="2025-06-20T00:26:10.794477" level="INFO">L'utilisateur coco a teste</msg>
<arg>L'utilisateur ${username} a teste</arg>
<doc>Logs the given message with the given level.</doc>
<status status="PASS" start="2025-06-20T00:26:10.793985" elapsed="0.000639"/>
</kw>
<status status="PASS" start="2025-06-20T00:26:01.863080" elapsed="8.932030"/>
</kw>
<kw name="Vérifier le message d'erreur" owner="submission">
<kw name="Page Should Contain" owner="SeleniumLibrary">
<msg time="2025-06-20T00:26:10.850688" level="INFO">Current page contains text 'Submitted Successfully'.</msg>
<arg>${SUCCESS_MESSAGE}</arg>
<doc>Verifies that current page contains ``text``.</doc>
<status status="PASS" start="2025-06-20T00:26:10.833274" elapsed="0.017582"/>
</kw>
<kw name="Sleep" owner="BuiltIn">
<msg time="2025-06-20T00:26:12.881987" level="INFO">Slept 2 seconds.</msg>
<arg>2</arg>
<doc>Pauses the test executed for the given time.</doc>
<status status="PASS" start="2025-06-20T00:26:10.850989" elapsed="2.032274"/>
</kw>
<status status="PASS" start="2025-06-20T00:26:10.832988" elapsed="2.050429"/>
</kw>
<status status="PASS" start="2025-06-20T00:25:58.872081" elapsed="14.012934"/>
</test>
<kw name="Fermer le navigateur" owner="submission" type="TEARDOWN">
<kw name="Close Browser" owner="SeleniumLibrary">
<doc>Closes the current browser.</doc>
<status status="PASS" start="2025-06-20T00:26:12.887623" elapsed="2.404561"/>
</kw>
<status status="PASS" start="2025-06-20T00:26:12.887446" elapsed="2.404938"/>
</kw>
<status status="PASS" start="2025-06-20T00:23:49.083701" elapsed="146.208810"/>
</suite>
<statistics>
<total>
<stat pass="1" fail="0" skip="0">All Tests</stat>
</total>
<tag>
</tag>
<suite>
<stat name="Submission" id="s1" pass="1" fail="0" skip="0">Submission</stat>
</suite>
</statistics>
<errors>
</errors>
</robot>
