<?xml version="1.0" encoding="UTF-8"?>
<robot generator="Robot 7.2.2 (Python 3.12.10 on win32)" generated="2025-05-30T19:42:34.596119" rpa="false" schemaversion="5">
<suite id="s1" name="Correct" source="C:\Users\mehme\Documents\M1GL\qa_test\cas2\correct.robot">
<test id="s1-t1" name="Cas4_LoginCorrectMotDePasseCorrect" line="10">
<kw name="Ouvrir l'URL jenkins">
<kw name="Open Browser" owner="SeleniumLibrary">
<msg time="2025-05-30T19:42:34.767437" level="INFO">Opening browser 'chrome' to base url 'http://localhost:8080/'.</msg>
<arg>${URL}</arg>
<arg>chrome</arg>
<doc>Opens a new browser instance to the optional ``url``.</doc>
<status status="PASS" start="2025-05-30T19:42:34.767437" elapsed="2.510914"/>
</kw>
<kw name="Maximize Browser Window" owner="SeleniumLibrary">
<doc>Maximizes current browser window.</doc>
<status status="PASS" start="2025-05-30T19:42:37.280361" elapsed="0.361391"/>
</kw>
<kw name="Sleep" owner="BuiltIn">
<msg time="2025-05-30T19:42:40.644483" level="INFO">Slept 3 seconds.</msg>
<arg>3</arg>
<doc>Pauses the test executed for the given time.</doc>
<status status="PASS" start="2025-05-30T19:42:37.641752" elapsed="3.002731"/>
</kw>
<status status="PASS" start="2025-05-30T19:42:34.767437" elapsed="5.877046"/>
</kw>
<kw name="Saisir le bon username">
<kw name="Input Text" owner="SeleniumLibrary">
<msg time="2025-05-30T19:42:40.648124" level="INFO">Typing text 'jgotechmaker' into text field 'id=j_username'.</msg>
<arg>id=j_username</arg>
<arg>${USERNAME}</arg>
<doc>Types the given ``text`` into the text field identified by ``locator``.</doc>
<status status="PASS" start="2025-05-30T19:42:40.648124" elapsed="0.244527"/>
</kw>
<status status="PASS" start="2025-05-30T19:42:40.647043" elapsed="0.245608"/>
</kw>
<kw name="Saisir un mauvais mot de passe">
<kw name="Input Password" owner="SeleniumLibrary">
<msg time="2025-05-30T19:42:40.898606" level="INFO">Typing password into text field 'id=j_password'.</msg>
<msg time="2025-05-30T19:42:40.948055" level="INFO">Temporally setting log level to: NONE</msg>
<arg>id=j_password</arg>
<arg>${INVALID_PASSWORD}</arg>
<doc>Types the given password into the text field identified by ``locator``.</doc>
<status status="PASS" start="2025-05-30T19:42:40.897972" elapsed="0.131333"/>
</kw>
<status status="PASS" start="2025-05-30T19:42:40.892651" elapsed="0.136654"/>
</kw>
<kw name="Cliquez sur se &quot;Sign in&quot;">
<kw name="Click Button" owner="SeleniumLibrary">
<msg time="2025-05-30T19:42:41.030495" level="INFO">Clicking button 'name=Submit'.</msg>
<arg>name=Submit</arg>
<doc>Clicks the button identified by ``locator``.</doc>
<status status="PASS" start="2025-05-30T19:42:41.030495" elapsed="0.454307"/>
</kw>
<kw name="Sleep" owner="BuiltIn">
<msg time="2025-05-30T19:42:46.485321" level="INFO">Slept 5 seconds.</msg>
<arg>5</arg>
<doc>Pauses the test executed for the given time.</doc>
<status status="PASS" start="2025-05-30T19:42:41.484802" elapsed="5.002269"/>
</kw>
<status status="PASS" start="2025-05-30T19:42:41.029864" elapsed="5.457207"/>
</kw>
<kw name="Vérifier le message d'erreur">
<kw name="Page Should Contain" owner="SeleniumLibrary">
<msg time="2025-05-30T19:42:46.555231" level="INFO">Current page contains text 'Bienvenue sur Jenkins !'.</msg>
<arg>Bienvenue sur Jenkins !</arg>
<doc>Verifies that current page contains ``text``.</doc>
<status status="PASS" start="2025-05-30T19:42:46.489076" elapsed="0.067540"/>
</kw>
<status status="PASS" start="2025-05-30T19:42:46.489076" elapsed="0.067540"/>
</kw>
<kw name="Fermer le navigateur">
<kw name="Close Browser" owner="SeleniumLibrary">
<doc>Closes the current browser.</doc>
<status status="PASS" start="2025-05-30T19:42:46.558227" elapsed="3.204075"/>
</kw>
<status status="PASS" start="2025-05-30T19:42:46.557722" elapsed="3.204580"/>
</kw>
<status status="PASS" start="2025-05-30T19:42:34.762319" elapsed="14.999983"/>
</test>
<status status="PASS" start="2025-05-30T19:42:34.596119" elapsed="15.168955"/>
</suite>
<statistics>
<total>
<stat pass="1" fail="0" skip="0">All Tests</stat>
</total>
<tag>
</tag>
<suite>
<stat name="Correct" id="s1" pass="1" fail="0" skip="0">Correct</stat>
</suite>
</statistics>
<errors>
</errors>
</robot>
